<?xml version="1.0" encoding="UTF-8"?>
<testsuite xmlns:xsi="http://www.w3.org/2001/XMLSchema-instance" xsi:noNamespaceSchemaLocation="https://maven.apache.org/surefire/maven-surefire-plugin/xsd/surefire-test-report.xsd" name="org.miniEs.common.xcontent.XContentBuilderTest" time="0.038" tests="5" errors="0" skipped="0" failures="0">
  <properties>
[...]
</properties>
  <testcase name="testMap" classname="org.miniEs.common.xcontent.XContentBuilderTest" time="0.013"/>
  <testcase name="testBuildArray" classname="org.miniEs.common.xcontent.XContentBuilderTest" time="0"/>
  <testcase name="testBooleanAndNull" classname="org.miniEs.common.xcontent.XContentBuilderTest" time="0"/>
  <testcase name="testNestedObject" classname="org.miniEs.common.xcontent.XContentBuilderTest" time="0"/>
  <testcase name="testBuildSimpleObject" classname="org.miniEs.common.xcontent.XContentBuilderTest" time="0"/>
</testsuite>